INFO:__main__:Optimizing PFSA(seed=0, num_symbols=10, num_states=4) to have entropy 4.0...
INFO:__main__:Optimization failed. Consider retrying.
INFO:__main__:True entropy: 4.0.
INFO:__main__:Grammar entropy: 3.9119460582733154
INFO:__main__:Diff: 0.08805394172668457
INFO:__main__:Generating 100,000 sequences with PFSA(seed=0, num_symbols=10, num_states=4)...
INFO:__main__:Generating 100,000 sequences with PFSA(seed=0, num_symbols=10, num_states=4)...
INFO:__main__:Training LSTM:
INFO:__main__:	n_embd: 128
INFO:__main__:	n_hidden: 256
INFO:__main__:	n_layer: 6
INFO:__main__:	n_head: 4
INFO:__main__:	n_positions: 128
INFO:__main__:	lr: 0.001
INFO:__main__:	wd: 1e-05
INFO:__main__:	max_epochs: 20
INFO:__main__:	log_freq: 100
INFO:__main__:	eval_every: 100
INFO:__main__:Training lstm on cuda with 3,031,949 trainable parameters.
INFO:__main__:Building train dataloader...
INFO:__main__:Building val dataloader...
INFO:__main__:Writing hparams to experiments/1/hparams.json
INFO:__main__:Computing p_true...
INFO:__main__:----------------------------------------------------------------------------------------------------
INFO:__main__:Begin training epoch 0.
INFO:__main__:----------------------------------------------------------------------------------------------------
INFO:__main__:Epoch: 000 - Step: 00100 - Loss: 2.3125 - Avg/tok: 0.0145
INFO:__main__:----------------------------------------------------------------------------------------------------
INFO:__main__:Begin eval after 100 steps.
INFO:__main__:----------------------------------------------------------------------------------------------------
INFO:__main__:Epoch: 000 - Step: 00200 - Loss: 2.2812 - Avg/tok: 0.0143
INFO:__main__:----------------------------------------------------------------------------------------------------
INFO:__main__:Begin eval after 200 steps.
INFO:__main__:----------------------------------------------------------------------------------------------------
INFO:__main__:Epoch: 000 - Step: 00300 - Loss: 2.3281 - Avg/tok: 0.0143
INFO:__main__:----------------------------------------------------------------------------------------------------
INFO:__main__:Begin eval after 300 steps.
INFO:__main__:----------------------------------------------------------------------------------------------------
INFO:__main__:Epoch: 000 - Step: 00400 - Loss: 2.2969 - Avg/tok: 0.0144
INFO:__main__:----------------------------------------------------------------------------------------------------
INFO:__main__:Begin eval after 400 steps.
INFO:__main__:----------------------------------------------------------------------------------------------------
INFO:__main__:Epoch: 000 - Step: 00500 - Loss: 2.3438 - Avg/tok: 0.0145
INFO:__main__:----------------------------------------------------------------------------------------------------
INFO:__main__:Begin eval after 500 steps.
INFO:__main__:----------------------------------------------------------------------------------------------------
INFO:__main__:Epoch: 000 - Step: 00600 - Loss: 2.2969 - Avg/tok: 0.0145
INFO:__main__:----------------------------------------------------------------------------------------------------
INFO:__main__:Begin eval after 600 steps.
INFO:__main__:----------------------------------------------------------------------------------------------------
INFO:__main__:Epoch: 000 - Step: 00700 - Loss: 2.3125 - Avg/tok: 0.0144
INFO:__main__:----------------------------------------------------------------------------------------------------
INFO:__main__:Begin eval after 700 steps.
INFO:__main__:----------------------------------------------------------------------------------------------------
INFO:__main__:Epoch: 000 - Step: 00800 - Loss: 2.3125 - Avg/tok: 0.0144
INFO:__main__:----------------------------------------------------------------------------------------------------
INFO:__main__:Begin eval after 800 steps.
INFO:__main__:----------------------------------------------------------------------------------------------------
INFO:__main__:Epoch: 000 - Step: 00900 - Loss: 2.3281 - Avg/tok: 0.0144
INFO:__main__:----------------------------------------------------------------------------------------------------
INFO:__main__:Begin eval after 900 steps.
INFO:__main__:----------------------------------------------------------------------------------------------------
INFO:__main__:Epoch: 000 - Step: 01000 - Loss: 2.3125 - Avg/tok: 0.0143
INFO:__main__:----------------------------------------------------------------------------------------------------
INFO:__main__:Begin eval after 1000 steps.
INFO:__main__:----------------------------------------------------------------------------------------------------
INFO:__main__:Epoch: 000 - Step: 01100 - Loss: 2.2812 - Avg/tok: 0.0143
INFO:__main__:----------------------------------------------------------------------------------------------------
INFO:__main__:Begin eval after 1100 steps.
INFO:__main__:----------------------------------------------------------------------------------------------------
INFO:__main__:Epoch: 000 - Step: 01200 - Loss: 2.2969 - Avg/tok: 0.0144
INFO:__main__:----------------------------------------------------------------------------------------------------
INFO:__main__:Begin eval after 1200 steps.
INFO:__main__:----------------------------------------------------------------------------------------------------
INFO:__main__:Epoch: 000 - Step: 01300 - Loss: 2.2969 - Avg/tok: 0.0144
INFO:__main__:----------------------------------------------------------------------------------------------------
INFO:__main__:Begin eval after 1300 steps.
INFO:__main__:----------------------------------------------------------------------------------------------------
INFO:__main__:Epoch: 000 - Step: 01400 - Loss: 2.2812 - Avg/tok: 0.0144
INFO:__main__:----------------------------------------------------------------------------------------------------
INFO:__main__:Begin eval after 1400 steps.
INFO:__main__:----------------------------------------------------------------------------------------------------
INFO:__main__:Epoch: 000 - Step: 01500 - Loss: 2.2812 - Avg/tok: 0.0143
INFO:__main__:----------------------------------------------------------------------------------------------------
INFO:__main__:Begin eval after 1500 steps.
INFO:__main__:----------------------------------------------------------------------------------------------------
INFO:__main__:Epoch: 000 - Step: 01600 - Loss: 2.3125 - Avg/tok: 0.0144
INFO:__main__:----------------------------------------------------------------------------------------------------
INFO:__main__:Begin eval after 1600 steps.
INFO:__main__:----------------------------------------------------------------------------------------------------
INFO:__main__:Epoch: 000 - Step: 01700 - Loss: 2.2969 - Avg/tok: 0.0144
INFO:__main__:----------------------------------------------------------------------------------------------------
INFO:__main__:Begin eval after 1700 steps.
INFO:__main__:----------------------------------------------------------------------------------------------------
INFO:__main__:Epoch: 000 - Step: 01800 - Loss: 2.2969 - Avg/tok: 0.0144
INFO:__main__:----------------------------------------------------------------------------------------------------
INFO:__main__:Begin eval after 1800 steps.
INFO:__main__:----------------------------------------------------------------------------------------------------
INFO:__main__:Epoch: 000 - Step: 01900 - Loss: 2.3281 - Avg/tok: 0.0144
INFO:__main__:----------------------------------------------------------------------------------------------------
INFO:__main__:Begin eval after 1900 steps.
INFO:__main__:----------------------------------------------------------------------------------------------------
INFO:__main__:Epoch: 000 - Step: 02000 - Loss: 2.2969 - Avg/tok: 0.0143
INFO:__main__:----------------------------------------------------------------------------------------------------
INFO:__main__:Begin eval after 2000 steps.
INFO:__main__:----------------------------------------------------------------------------------------------------
INFO:__main__:Epoch: 000 - Step: 02100 - Loss: 2.3125 - Avg/tok: 0.0144
INFO:__main__:----------------------------------------------------------------------------------------------------
INFO:__main__:Begin eval after 2100 steps.
INFO:__main__:----------------------------------------------------------------------------------------------------
INFO:__main__:Epoch: 000 - Step: 02200 - Loss: 2.3125 - Avg/tok: 0.0144
INFO:__main__:----------------------------------------------------------------------------------------------------
INFO:__main__:Begin eval after 2200 steps.
INFO:__main__:----------------------------------------------------------------------------------------------------
INFO:__main__:Epoch: 000 - Step: 02300 - Loss: 2.3281 - Avg/tok: 0.0144
INFO:__main__:----------------------------------------------------------------------------------------------------
INFO:__main__:Begin eval after 2300 steps.
INFO:__main__:----------------------------------------------------------------------------------------------------
INFO:__main__:Epoch: 000 - Step: 02400 - Loss: 2.3281 - Avg/tok: 0.0144
INFO:__main__:----------------------------------------------------------------------------------------------------
INFO:__main__:Begin eval after 2400 steps.
INFO:__main__:----------------------------------------------------------------------------------------------------
INFO:__main__:Epoch: 000 - Step: 02500 - Loss: 2.2969 - Avg/tok: 0.0144
INFO:__main__:----------------------------------------------------------------------------------------------------
INFO:__main__:Begin eval after 2500 steps.
INFO:__main__:----------------------------------------------------------------------------------------------------
INFO:__main__:Epoch: 000 - Step: 02600 - Loss: 2.2969 - Avg/tok: 0.0144
INFO:__main__:----------------------------------------------------------------------------------------------------
INFO:__main__:Begin eval after 2600 steps.
INFO:__main__:----------------------------------------------------------------------------------------------------
INFO:__main__:Epoch: 000 - Step: 02700 - Loss: 2.3125 - Avg/tok: 0.0144
INFO:__main__:----------------------------------------------------------------------------------------------------
INFO:__main__:Begin eval after 2700 steps.
INFO:__main__:----------------------------------------------------------------------------------------------------
INFO:__main__:Epoch: 000 - Step: 02800 - Loss: 2.3125 - Avg/tok: 0.0144
INFO:__main__:----------------------------------------------------------------------------------------------------
INFO:__main__:Begin eval after 2800 steps.
INFO:__main__:----------------------------------------------------------------------------------------------------
INFO:__main__:Epoch: 000 - Step: 02900 - Loss: 2.2812 - Avg/tok: 0.0144
INFO:__main__:----------------------------------------------------------------------------------------------------
INFO:__main__:Begin eval after 2900 steps.
INFO:__main__:----------------------------------------------------------------------------------------------------
INFO:__main__:Epoch: 000 - Step: 03000 - Loss: 2.3125 - Avg/tok: 0.0144
INFO:__main__:----------------------------------------------------------------------------------------------------
INFO:__main__:Begin eval after 3000 steps.
INFO:__main__:----------------------------------------------------------------------------------------------------
INFO:__main__:Epoch: 000 - Step: 03100 - Loss: 2.3125 - Avg/tok: 0.0144
INFO:__main__:----------------------------------------------------------------------------------------------------
INFO:__main__:Begin eval after 3100 steps.
INFO:__main__:----------------------------------------------------------------------------------------------------
INFO:__main__:----------------------------------------------------------------------------------------------------
INFO:__main__:Begin training epoch 1.
INFO:__main__:----------------------------------------------------------------------------------------------------
INFO:__main__:Epoch: 001 - Step: 03200 - Loss: 2.3125 - Avg/tok: 2.2479
INFO:__main__:----------------------------------------------------------------------------------------------------
INFO:__main__:Begin eval after 3200 steps.
INFO:__main__:----------------------------------------------------------------------------------------------------
INFO:__main__:Epoch: 001 - Step: 03300 - Loss: 2.3281 - Avg/tok: 2.1813
INFO:__main__:----------------------------------------------------------------------------------------------------
INFO:__main__:Begin eval after 3300 steps.
INFO:__main__:----------------------------------------------------------------------------------------------------
INFO:__main__:Epoch: 001 - Step: 03400 - Loss: 2.2969 - Avg/tok: 2.1193
INFO:__main__:----------------------------------------------------------------------------------------------------
INFO:__main__:Begin eval after 3400 steps.
INFO:__main__:----------------------------------------------------------------------------------------------------
INFO:__main__:Epoch: 001 - Step: 03500 - Loss: 2.3125 - Avg/tok: 2.0597
INFO:__main__:----------------------------------------------------------------------------------------------------
INFO:__main__:Begin eval after 3500 steps.
INFO:__main__:----------------------------------------------------------------------------------------------------
INFO:__main__:Epoch: 001 - Step: 03600 - Loss: 2.2812 - Avg/tok: 2.0031
INFO:__main__:----------------------------------------------------------------------------------------------------
INFO:__main__:Begin eval after 3600 steps.
INFO:__main__:----------------------------------------------------------------------------------------------------
INFO:__main__:Epoch: 001 - Step: 03700 - Loss: 2.2969 - Avg/tok: 1.9482
INFO:__main__:----------------------------------------------------------------------------------------------------
INFO:__main__:Begin eval after 3700 steps.
INFO:__main__:----------------------------------------------------------------------------------------------------
INFO:__main__:Epoch: 001 - Step: 03800 - Loss: 2.2812 - Avg/tok: 1.8966
INFO:__main__:----------------------------------------------------------------------------------------------------
INFO:__main__:Begin eval after 3800 steps.
INFO:__main__:----------------------------------------------------------------------------------------------------
INFO:__main__:Epoch: 001 - Step: 03900 - Loss: 2.3125 - Avg/tok: 1.8474
INFO:__main__:----------------------------------------------------------------------------------------------------
INFO:__main__:Begin eval after 3900 steps.
INFO:__main__:----------------------------------------------------------------------------------------------------
INFO:__main__:Epoch: 001 - Step: 04000 - Loss: 2.2812 - Avg/tok: 1.7999
INFO:__main__:----------------------------------------------------------------------------------------------------
INFO:__main__:Begin eval after 4000 steps.
INFO:__main__:----------------------------------------------------------------------------------------------------
INFO:__main__:Epoch: 001 - Step: 04100 - Loss: 2.3125 - Avg/tok: 1.7572
INFO:__main__:----------------------------------------------------------------------------------------------------
INFO:__main__:Begin eval after 4100 steps.
INFO:__main__:----------------------------------------------------------------------------------------------------
INFO:__main__:Epoch: 001 - Step: 04200 - Loss: 2.3281 - Avg/tok: 1.7155
INFO:__main__:----------------------------------------------------------------------------------------------------
INFO:__main__:Begin eval after 4200 steps.
INFO:__main__:----------------------------------------------------------------------------------------------------
INFO:__main__:Epoch: 001 - Step: 04300 - Loss: 2.3281 - Avg/tok: 1.6762
INFO:__main__:----------------------------------------------------------------------------------------------------
INFO:__main__:Begin eval after 4300 steps.
INFO:__main__:----------------------------------------------------------------------------------------------------
INFO:__main__:Epoch: 001 - Step: 04400 - Loss: 2.3281 - Avg/tok: 1.6367
INFO:__main__:----------------------------------------------------------------------------------------------------
INFO:__main__:Begin eval after 4400 steps.
INFO:__main__:----------------------------------------------------------------------------------------------------
INFO:__main__:Epoch: 001 - Step: 04500 - Loss: 2.2812 - Avg/tok: 1.6005
INFO:__main__:----------------------------------------------------------------------------------------------------
INFO:__main__:Begin eval after 4500 steps.
INFO:__main__:----------------------------------------------------------------------------------------------------
INFO:__main__:Epoch: 001 - Step: 04600 - Loss: 2.2969 - Avg/tok: 1.5659
INFO:__main__:----------------------------------------------------------------------------------------------------
INFO:__main__:Begin eval after 4600 steps.
INFO:__main__:----------------------------------------------------------------------------------------------------
INFO:__main__:Epoch: 001 - Step: 04700 - Loss: 2.2969 - Avg/tok: 1.5329
INFO:__main__:----------------------------------------------------------------------------------------------------
INFO:__main__:Begin eval after 4700 steps.
INFO:__main__:----------------------------------------------------------------------------------------------------
INFO:__main__:Epoch: 001 - Step: 04800 - Loss: 2.3125 - Avg/tok: 1.5019
INFO:__main__:----------------------------------------------------------------------------------------------------
INFO:__main__:Begin eval after 4800 steps.
INFO:__main__:----------------------------------------------------------------------------------------------------
INFO:__main__:Epoch: 001 - Step: 04900 - Loss: 2.3125 - Avg/tok: 1.4710
INFO:__main__:----------------------------------------------------------------------------------------------------
INFO:__main__:Begin eval after 4900 steps.
INFO:__main__:----------------------------------------------------------------------------------------------------
INFO:__main__:Epoch: 001 - Step: 05000 - Loss: 2.3281 - Avg/tok: 1.4421
INFO:__main__:----------------------------------------------------------------------------------------------------
INFO:__main__:Begin eval after 5000 steps.
INFO:__main__:----------------------------------------------------------------------------------------------------
INFO:__main__:Epoch: 001 - Step: 05100 - Loss: 2.2969 - Avg/tok: 1.4143
INFO:__main__:----------------------------------------------------------------------------------------------------
INFO:__main__:Begin eval after 5100 steps.
INFO:__main__:----------------------------------------------------------------------------------------------------
INFO:__main__:Epoch: 001 - Step: 05200 - Loss: 2.2812 - Avg/tok: 1.3870
INFO:__main__:----------------------------------------------------------------------------------------------------
INFO:__main__:Begin eval after 5200 steps.
INFO:__main__:----------------------------------------------------------------------------------------------------
INFO:__main__:Epoch: 001 - Step: 05300 - Loss: 2.2969 - Avg/tok: 1.3613
INFO:__main__:----------------------------------------------------------------------------------------------------
INFO:__main__:Begin eval after 5300 steps.
INFO:__main__:----------------------------------------------------------------------------------------------------
INFO:__main__:Epoch: 001 - Step: 05400 - Loss: 2.3281 - Avg/tok: 1.3362
INFO:__main__:----------------------------------------------------------------------------------------------------
INFO:__main__:Begin eval after 5400 steps.
INFO:__main__:----------------------------------------------------------------------------------------------------
INFO:__main__:Epoch: 001 - Step: 05500 - Loss: 2.3125 - Avg/tok: 1.3115
INFO:__main__:----------------------------------------------------------------------------------------------------
INFO:__main__:Begin eval after 5500 steps.
INFO:__main__:----------------------------------------------------------------------------------------------------
INFO:__main__:Epoch: 001 - Step: 05600 - Loss: 2.3281 - Avg/tok: 1.2883
INFO:__main__:----------------------------------------------------------------------------------------------------
INFO:__main__:Begin eval after 5600 steps.
INFO:__main__:----------------------------------------------------------------------------------------------------
INFO:__main__:Epoch: 001 - Step: 05700 - Loss: 2.3438 - Avg/tok: 1.2652
INFO:__main__:----------------------------------------------------------------------------------------------------
INFO:__main__:Begin eval after 5700 steps.
INFO:__main__:----------------------------------------------------------------------------------------------------
INFO:__main__:Epoch: 001 - Step: 05800 - Loss: 2.2812 - Avg/tok: 1.2433
INFO:__main__:----------------------------------------------------------------------------------------------------
INFO:__main__:Begin eval after 5800 steps.
INFO:__main__:----------------------------------------------------------------------------------------------------
INFO:__main__:Epoch: 001 - Step: 05900 - Loss: 2.3438 - Avg/tok: 1.2218
INFO:__main__:----------------------------------------------------------------------------------------------------
INFO:__main__:Begin eval after 5900 steps.
INFO:__main__:----------------------------------------------------------------------------------------------------
INFO:__main__:Epoch: 001 - Step: 06000 - Loss: 2.2969 - Avg/tok: 1.2014
INFO:__main__:----------------------------------------------------------------------------------------------------
INFO:__main__:Begin eval after 6000 steps.
INFO:__main__:----------------------------------------------------------------------------------------------------
INFO:__main__:Epoch: 001 - Step: 06100 - Loss: 2.2969 - Avg/tok: 1.1822
INFO:__main__:----------------------------------------------------------------------------------------------------
INFO:__main__:Begin eval after 6100 steps.
INFO:__main__:----------------------------------------------------------------------------------------------------
INFO:__main__:Epoch: 001 - Step: 06200 - Loss: 2.2969 - Avg/tok: 1.1631
INFO:__main__:----------------------------------------------------------------------------------------------------
INFO:__main__:Begin eval after 6200 steps.
INFO:__main__:----------------------------------------------------------------------------------------------------
INFO:__main__:----------------------------------------------------------------------------------------------------
INFO:__main__:Begin training epoch 2.
INFO:__main__:----------------------------------------------------------------------------------------------------
INFO:__main__:Epoch: 002 - Step: 06300 - Loss: 2.3125 - Avg/tok: 2.2843
INFO:__main__:----------------------------------------------------------------------------------------------------
INFO:__main__:Begin eval after 6300 steps.
INFO:__main__:----------------------------------------------------------------------------------------------------
INFO:__main__:Epoch: 002 - Step: 06400 - Loss: 2.3125 - Avg/tok: 2.2483
INFO:__main__:----------------------------------------------------------------------------------------------------
INFO:__main__:Begin eval after 6400 steps.
INFO:__main__:----------------------------------------------------------------------------------------------------
INFO:__main__:Epoch: 002 - Step: 06500 - Loss: 2.2812 - Avg/tok: 2.2134
INFO:__main__:----------------------------------------------------------------------------------------------------
INFO:__main__:Begin eval after 6500 steps.
INFO:__main__:----------------------------------------------------------------------------------------------------
INFO:__main__:Epoch: 002 - Step: 06600 - Loss: 2.2969 - Avg/tok: 2.1800
INFO:__main__:----------------------------------------------------------------------------------------------------
INFO:__main__:Begin eval after 6600 steps.
INFO:__main__:----------------------------------------------------------------------------------------------------
INFO:__main__:Epoch: 002 - Step: 06700 - Loss: 2.2969 - Avg/tok: 2.1472
INFO:__main__:----------------------------------------------------------------------------------------------------
INFO:__main__:Begin eval after 6700 steps.
INFO:__main__:----------------------------------------------------------------------------------------------------
INFO:__main__:Epoch: 002 - Step: 06800 - Loss: 2.2969 - Avg/tok: 2.1165
INFO:__main__:----------------------------------------------------------------------------------------------------
INFO:__main__:Begin eval after 6800 steps.
INFO:__main__:----------------------------------------------------------------------------------------------------
INFO:__main__:Epoch: 002 - Step: 06900 - Loss: 2.2969 - Avg/tok: 2.0853
INFO:__main__:----------------------------------------------------------------------------------------------------
INFO:__main__:Begin eval after 6900 steps.
INFO:__main__:----------------------------------------------------------------------------------------------------
INFO:__main__:Epoch: 002 - Step: 07000 - Loss: 2.2969 - Avg/tok: 2.0557
INFO:__main__:----------------------------------------------------------------------------------------------------
INFO:__main__:Begin eval after 7000 steps.
INFO:__main__:----------------------------------------------------------------------------------------------------
INFO:__main__:Epoch: 002 - Step: 07100 - Loss: 2.3125 - Avg/tok: 2.0260
INFO:__main__:----------------------------------------------------------------------------------------------------
INFO:__main__:Begin eval after 7100 steps.
INFO:__main__:----------------------------------------------------------------------------------------------------
INFO:__main__:Epoch: 002 - Step: 07200 - Loss: 2.2656 - Avg/tok: 1.9975
INFO:__main__:----------------------------------------------------------------------------------------------------
INFO:__main__:Begin eval after 7200 steps.
INFO:__main__:----------------------------------------------------------------------------------------------------
INFO:__main__:Epoch: 002 - Step: 07300 - Loss: 2.2812 - Avg/tok: 1.9695
INFO:__main__:----------------------------------------------------------------------------------------------------
INFO:__main__:Begin eval after 7300 steps.
INFO:__main__:----------------------------------------------------------------------------------------------------
INFO:__main__:Epoch: 002 - Step: 07400 - Loss: 2.3125 - Avg/tok: 1.9431
INFO:__main__:----------------------------------------------------------------------------------------------------
INFO:__main__:Begin eval after 7400 steps.
INFO:__main__:----------------------------------------------------------------------------------------------------
INFO:__main__:Epoch: 002 - Step: 07500 - Loss: 2.2969 - Avg/tok: 1.9170
INFO:__main__:----------------------------------------------------------------------------------------------------
INFO:__main__:Begin eval after 7500 steps.
INFO:__main__:----------------------------------------------------------------------------------------------------
INFO:__main__:Epoch: 002 - Step: 07600 - Loss: 2.3125 - Avg/tok: 1.8918
INFO:__main__:----------------------------------------------------------------------------------------------------
INFO:__main__:Begin eval after 7600 steps.
INFO:__main__:----------------------------------------------------------------------------------------------------
INFO:__main__:Epoch: 002 - Step: 07700 - Loss: 2.2969 - Avg/tok: 1.8672
INFO:__main__:----------------------------------------------------------------------------------------------------
INFO:__main__:Begin eval after 7700 steps.
INFO:__main__:----------------------------------------------------------------------------------------------------
INFO:__main__:Epoch: 002 - Step: 07800 - Loss: 2.3281 - Avg/tok: 1.8433
INFO:__main__:----------------------------------------------------------------------------------------------------
INFO:__main__:Begin eval after 7800 steps.
INFO:__main__:----------------------------------------------------------------------------------------------------
INFO:__main__:Epoch: 002 - Step: 07900 - Loss: 2.2969 - Avg/tok: 1.8201
INFO:__main__:----------------------------------------------------------------------------------------------------
INFO:__main__:Begin eval after 7900 steps.
INFO:__main__:----------------------------------------------------------------------------------------------------
INFO:__main__:Epoch: 002 - Step: 08000 - Loss: 2.2969 - Avg/tok: 1.7977
INFO:__main__:----------------------------------------------------------------------------------------------------
INFO:__main__:Begin eval after 8000 steps.
INFO:__main__:----------------------------------------------------------------------------------------------------
INFO:__main__:Epoch: 002 - Step: 08100 - Loss: 2.2656 - Avg/tok: 1.7752
INFO:__main__:----------------------------------------------------------------------------------------------------
INFO:__main__:Begin eval after 8100 steps.
INFO:__main__:----------------------------------------------------------------------------------------------------
INFO:__main__:Epoch: 002 - Step: 08200 - Loss: 2.3125 - Avg/tok: 1.7532
INFO:__main__:----------------------------------------------------------------------------------------------------
INFO:__main__:Begin eval after 8200 steps.
INFO:__main__:----------------------------------------------------------------------------------------------------
INFO:__main__:Epoch: 002 - Step: 08300 - Loss: 2.3125 - Avg/tok: 1.7320
INFO:__main__:----------------------------------------------------------------------------------------------------
INFO:__main__:Begin eval after 8300 steps.
INFO:__main__:----------------------------------------------------------------------------------------------------
INFO:__main__:Epoch: 002 - Step: 08400 - Loss: 2.2969 - Avg/tok: 1.7115
INFO:__main__:----------------------------------------------------------------------------------------------------
INFO:__main__:Begin eval after 8400 steps.
INFO:__main__:----------------------------------------------------------------------------------------------------
INFO:__main__:Epoch: 002 - Step: 08500 - Loss: 2.2969 - Avg/tok: 1.6916
INFO:__main__:----------------------------------------------------------------------------------------------------
INFO:__main__:Begin eval after 8500 steps.
INFO:__main__:----------------------------------------------------------------------------------------------------
INFO:__main__:Epoch: 002 - Step: 08600 - Loss: 2.2969 - Avg/tok: 1.6717
INFO:__main__:----------------------------------------------------------------------------------------------------
INFO:__main__:Begin eval after 8600 steps.
INFO:__main__:----------------------------------------------------------------------------------------------------
INFO:__main__:Epoch: 002 - Step: 08700 - Loss: 2.2812 - Avg/tok: 1.6529
INFO:__main__:----------------------------------------------------------------------------------------------------
INFO:__main__:Begin eval after 8700 steps.
INFO:__main__:----------------------------------------------------------------------------------------------------
INFO:__main__:Epoch: 002 - Step: 08800 - Loss: 2.2812 - Avg/tok: 1.6343
INFO:__main__:----------------------------------------------------------------------------------------------------
INFO:__main__:Begin eval after 8800 steps.
INFO:__main__:----------------------------------------------------------------------------------------------------
INFO:__main__:Epoch: 002 - Step: 08900 - Loss: 2.2656 - Avg/tok: 1.6154
INFO:__main__:----------------------------------------------------------------------------------------------------
INFO:__main__:Begin eval after 8900 steps.
INFO:__main__:----------------------------------------------------------------------------------------------------
INFO:__main__:Epoch: 002 - Step: 09000 - Loss: 2.2969 - Avg/tok: 1.5977
INFO:__main__:----------------------------------------------------------------------------------------------------
INFO:__main__:Begin eval after 9000 steps.
INFO:__main__:----------------------------------------------------------------------------------------------------
INFO:__main__:Epoch: 002 - Step: 09100 - Loss: 2.3125 - Avg/tok: 1.5800
INFO:__main__:----------------------------------------------------------------------------------------------------
INFO:__main__:Begin eval after 9100 steps.
INFO:__main__:----------------------------------------------------------------------------------------------------
INFO:__main__:Epoch: 002 - Step: 09200 - Loss: 2.2969 - Avg/tok: 1.5629
INFO:__main__:----------------------------------------------------------------------------------------------------
INFO:__main__:Begin eval after 9200 steps.
INFO:__main__:----------------------------------------------------------------------------------------------------
INFO:__main__:Epoch: 002 - Step: 09300 - Loss: 2.2969 - Avg/tok: 1.5463
INFO:__main__:----------------------------------------------------------------------------------------------------
INFO:__main__:Begin eval after 9300 steps.
INFO:__main__:----------------------------------------------------------------------------------------------------
INFO:__main__:----------------------------------------------------------------------------------------------------
INFO:__main__:Begin training epoch 3.
INFO:__main__:----------------------------------------------------------------------------------------------------
INFO:__main__:Epoch: 003 - Step: 09400 - Loss: 2.2969 - Avg/tok: 2.2954
INFO:__main__:----------------------------------------------------------------------------------------------------
INFO:__main__:Begin eval after 9400 steps.
INFO:__main__:----------------------------------------------------------------------------------------------------
INFO:__main__:Epoch: 003 - Step: 09500 - Loss: 2.2969 - Avg/tok: 2.2708
INFO:__main__:----------------------------------------------------------------------------------------------------
INFO:__main__:Begin eval after 9500 steps.
INFO:__main__:----------------------------------------------------------------------------------------------------
INFO:__main__:Epoch: 003 - Step: 09600 - Loss: 2.2969 - Avg/tok: 2.2464
INFO:__main__:----------------------------------------------------------------------------------------------------
INFO:__main__:Begin eval after 9600 steps.
INFO:__main__:----------------------------------------------------------------------------------------------------
INFO:__main__:Epoch: 003 - Step: 09700 - Loss: 2.2812 - Avg/tok: 2.2233
INFO:__main__:----------------------------------------------------------------------------------------------------
INFO:__main__:Begin eval after 9700 steps.
INFO:__main__:----------------------------------------------------------------------------------------------------
INFO:__main__:Epoch: 003 - Step: 09800 - Loss: 2.3281 - Avg/tok: 2.1999
INFO:__main__:----------------------------------------------------------------------------------------------------
INFO:__main__:Begin eval after 9800 steps.
INFO:__main__:----------------------------------------------------------------------------------------------------
INFO:__main__:Epoch: 003 - Step: 09900 - Loss: 2.2969 - Avg/tok: 2.1773
INFO:__main__:----------------------------------------------------------------------------------------------------
INFO:__main__:Begin eval after 9900 steps.
INFO:__main__:----------------------------------------------------------------------------------------------------
INFO:__main__:Epoch: 003 - Step: 10000 - Loss: 2.2969 - Avg/tok: 2.1559
INFO:__main__:----------------------------------------------------------------------------------------------------
INFO:__main__:Begin eval after 10000 steps.
INFO:__main__:----------------------------------------------------------------------------------------------------
INFO:__main__:Epoch: 003 - Step: 10100 - Loss: 2.2812 - Avg/tok: 2.1343
INFO:__main__:----------------------------------------------------------------------------------------------------
INFO:__main__:Begin eval after 10100 steps.
INFO:__main__:----------------------------------------------------------------------------------------------------
INFO:__main__:Epoch: 003 - Step: 10200 - Loss: 2.3281 - Avg/tok: 2.1137
INFO:__main__:----------------------------------------------------------------------------------------------------
INFO:__main__:Begin eval after 10200 steps.
INFO:__main__:----------------------------------------------------------------------------------------------------
INFO:__main__:Epoch: 003 - Step: 10300 - Loss: 2.2812 - Avg/tok: 2.0934
INFO:__main__:----------------------------------------------------------------------------------------------------
INFO:__main__:Begin eval after 10300 steps.
INFO:__main__:----------------------------------------------------------------------------------------------------
INFO:__main__:Epoch: 003 - Step: 10400 - Loss: 2.2812 - Avg/tok: 2.0729
INFO:__main__:----------------------------------------------------------------------------------------------------
INFO:__main__:Begin eval after 10400 steps.
INFO:__main__:----------------------------------------------------------------------------------------------------
INFO:__main__:Epoch: 003 - Step: 10500 - Loss: 2.2969 - Avg/tok: 2.0533
INFO:__main__:----------------------------------------------------------------------------------------------------
INFO:__main__:Begin eval after 10500 steps.
INFO:__main__:----------------------------------------------------------------------------------------------------
INFO:__main__:Epoch: 003 - Step: 10600 - Loss: 2.3125 - Avg/tok: 2.0340
INFO:__main__:----------------------------------------------------------------------------------------------------
INFO:__main__:Begin eval after 10600 steps.
INFO:__main__:----------------------------------------------------------------------------------------------------
INFO:__main__:Epoch: 003 - Step: 10700 - Loss: 2.2812 - Avg/tok: 2.0148
INFO:__main__:----------------------------------------------------------------------------------------------------
INFO:__main__:Begin eval after 10700 steps.
INFO:__main__:----------------------------------------------------------------------------------------------------
INFO:__main__:Epoch: 003 - Step: 10800 - Loss: 2.3125 - Avg/tok: 1.9960
INFO:__main__:----------------------------------------------------------------------------------------------------
INFO:__main__:Begin eval after 10800 steps.
INFO:__main__:----------------------------------------------------------------------------------------------------
INFO:__main__:Epoch: 003 - Step: 10900 - Loss: 2.3125 - Avg/tok: 1.9773
INFO:__main__:----------------------------------------------------------------------------------------------------
INFO:__main__:Begin eval after 10900 steps.
INFO:__main__:----------------------------------------------------------------------------------------------------
INFO:__main__:Epoch: 003 - Step: 11000 - Loss: 2.3125 - Avg/tok: 1.9592
INFO:__main__:----------------------------------------------------------------------------------------------------
INFO:__main__:Begin eval after 11000 steps.
INFO:__main__:----------------------------------------------------------------------------------------------------
INFO:__main__:Epoch: 003 - Step: 11100 - Loss: 2.2969 - Avg/tok: 1.9417
INFO:__main__:----------------------------------------------------------------------------------------------------
INFO:__main__:Begin eval after 11100 steps.
INFO:__main__:----------------------------------------------------------------------------------------------------
INFO:__main__:Epoch: 003 - Step: 11200 - Loss: 2.3281 - Avg/tok: 1.9245
INFO:__main__:----------------------------------------------------------------------------------------------------
INFO:__main__:Begin eval after 11200 steps.
INFO:__main__:----------------------------------------------------------------------------------------------------
INFO:__main__:Epoch: 003 - Step: 11300 - Loss: 2.2969 - Avg/tok: 1.9073
INFO:__main__:----------------------------------------------------------------------------------------------------
INFO:__main__:Begin eval after 11300 steps.
INFO:__main__:----------------------------------------------------------------------------------------------------
INFO:__main__:Epoch: 003 - Step: 11400 - Loss: 2.2812 - Avg/tok: 1.8901
INFO:__main__:----------------------------------------------------------------------------------------------------
INFO:__main__:Begin eval after 11400 steps.
INFO:__main__:----------------------------------------------------------------------------------------------------
INFO:__main__:Epoch: 003 - Step: 11500 - Loss: 2.3281 - Avg/tok: 1.8738
INFO:__main__:----------------------------------------------------------------------------------------------------
INFO:__main__:Begin eval after 11500 steps.
INFO:__main__:----------------------------------------------------------------------------------------------------
INFO:__main__:Epoch: 003 - Step: 11600 - Loss: 2.2812 - Avg/tok: 1.8576
INFO:__main__:----------------------------------------------------------------------------------------------------
INFO:__main__:Begin eval after 11600 steps.
INFO:__main__:----------------------------------------------------------------------------------------------------
INFO:__main__:Epoch: 003 - Step: 11700 - Loss: 2.2969 - Avg/tok: 1.8416
INFO:__main__:----------------------------------------------------------------------------------------------------
INFO:__main__:Begin eval after 11700 steps.
INFO:__main__:----------------------------------------------------------------------------------------------------
INFO:__main__:Epoch: 003 - Step: 11800 - Loss: 2.2969 - Avg/tok: 1.8258
INFO:__main__:----------------------------------------------------------------------------------------------------
INFO:__main__:Begin eval after 11800 steps.
INFO:__main__:----------------------------------------------------------------------------------------------------
INFO:__main__:Epoch: 003 - Step: 11900 - Loss: 2.2969 - Avg/tok: 1.8105
INFO:__main__:----------------------------------------------------------------------------------------------------
INFO:__main__:Begin eval after 11900 steps.
INFO:__main__:----------------------------------------------------------------------------------------------------
INFO:__main__:Epoch: 003 - Step: 12000 - Loss: 2.2969 - Avg/tok: 1.7952
INFO:__main__:----------------------------------------------------------------------------------------------------
INFO:__main__:Begin eval after 12000 steps.
INFO:__main__:----------------------------------------------------------------------------------------------------
INFO:__main__:Epoch: 003 - Step: 12100 - Loss: 2.2969 - Avg/tok: 1.7802
INFO:__main__:----------------------------------------------------------------------------------------------------
INFO:__main__:Begin eval after 12100 steps.
INFO:__main__:----------------------------------------------------------------------------------------------------
INFO:__main__:Epoch: 003 - Step: 12200 - Loss: 2.2969 - Avg/tok: 1.7656
INFO:__main__:----------------------------------------------------------------------------------------------------
INFO:__main__:Begin eval after 12200 steps.
INFO:__main__:----------------------------------------------------------------------------------------------------
INFO:__main__:Epoch: 003 - Step: 12300 - Loss: 2.3125 - Avg/tok: 1.7513
INFO:__main__:----------------------------------------------------------------------------------------------------
INFO:__main__:Begin eval after 12300 steps.
INFO:__main__:----------------------------------------------------------------------------------------------------
INFO:__main__:Epoch: 003 - Step: 12400 - Loss: 2.2969 - Avg/tok: 1.7370
INFO:__main__:----------------------------------------------------------------------------------------------------
INFO:__main__:Begin eval after 12400 steps.
INFO:__main__:----------------------------------------------------------------------------------------------------
INFO:__main__:Epoch: 003 - Step: 12500 - Loss: 2.3125 - Avg/tok: 1.7232
INFO:__main__:----------------------------------------------------------------------------------------------------
INFO:__main__:Begin eval after 12500 steps.
INFO:__main__:----------------------------------------------------------------------------------------------------
INFO:__main__:----------------------------------------------------------------------------------------------------
INFO:__main__:Begin training epoch 4.
INFO:__main__:----------------------------------------------------------------------------------------------------
INFO:__main__:Epoch: 004 - Step: 12600 - Loss: 2.3438 - Avg/tok: 2.2831
INFO:__main__:----------------------------------------------------------------------------------------------------
INFO:__main__:Begin eval after 12600 steps.
INFO:__main__:----------------------------------------------------------------------------------------------------
INFO:__main__:Epoch: 004 - Step: 12700 - Loss: 2.3125 - Avg/tok: 2.2650
INFO:__main__:----------------------------------------------------------------------------------------------------
INFO:__main__:Begin eval after 12700 steps.
INFO:__main__:----------------------------------------------------------------------------------------------------
INFO:__main__:Epoch: 004 - Step: 12800 - Loss: 2.2812 - Avg/tok: 2.2477
INFO:__main__:----------------------------------------------------------------------------------------------------
INFO:__main__:Begin eval after 12800 steps.
INFO:__main__:----------------------------------------------------------------------------------------------------
INFO:__main__:Epoch: 004 - Step: 12900 - Loss: 2.2969 - Avg/tok: 2.2304
INFO:__main__:----------------------------------------------------------------------------------------------------
INFO:__main__:Begin eval after 12900 steps.
INFO:__main__:----------------------------------------------------------------------------------------------------
INFO:__main__:Epoch: 004 - Step: 13000 - Loss: 2.2969 - Avg/tok: 2.2133
INFO:__main__:----------------------------------------------------------------------------------------------------
INFO:__main__:Begin eval after 13000 steps.
INFO:__main__:----------------------------------------------------------------------------------------------------
INFO:__main__:Epoch: 004 - Step: 13100 - Loss: 2.2812 - Avg/tok: 2.1962
INFO:__main__:----------------------------------------------------------------------------------------------------
INFO:__main__:Begin eval after 13100 steps.
INFO:__main__:----------------------------------------------------------------------------------------------------
INFO:__main__:Epoch: 004 - Step: 13200 - Loss: 2.3125 - Avg/tok: 2.1794
INFO:__main__:----------------------------------------------------------------------------------------------------
INFO:__main__:Begin eval after 13200 steps.
INFO:__main__:----------------------------------------------------------------------------------------------------
INFO:__main__:Epoch: 004 - Step: 13300 - Loss: 2.2812 - Avg/tok: 2.1629
INFO:__main__:----------------------------------------------------------------------------------------------------
INFO:__main__:Begin eval after 13300 steps.
INFO:__main__:----------------------------------------------------------------------------------------------------
INFO:__main__:Epoch: 004 - Step: 13400 - Loss: 2.3125 - Avg/tok: 2.1465
INFO:__main__:----------------------------------------------------------------------------------------------------
INFO:__main__:Begin eval after 13400 steps.
INFO:__main__:----------------------------------------------------------------------------------------------------
INFO:__main__:Epoch: 004 - Step: 13500 - Loss: 2.2969 - Avg/tok: 2.1305
INFO:__main__:----------------------------------------------------------------------------------------------------
INFO:__main__:Begin eval after 13500 steps.
INFO:__main__:----------------------------------------------------------------------------------------------------
INFO:__main__:Epoch: 004 - Step: 13600 - Loss: 2.2969 - Avg/tok: 2.1145
INFO:__main__:----------------------------------------------------------------------------------------------------
INFO:__main__:Begin eval after 13600 steps.
INFO:__main__:----------------------------------------------------------------------------------------------------
INFO:__main__:Epoch: 004 - Step: 13700 - Loss: 2.2969 - Avg/tok: 2.0987
INFO:__main__:----------------------------------------------------------------------------------------------------
INFO:__main__:Begin eval after 13700 steps.
INFO:__main__:----------------------------------------------------------------------------------------------------
INFO:__main__:Epoch: 004 - Step: 13800 - Loss: 2.2969 - Avg/tok: 2.0837
INFO:__main__:----------------------------------------------------------------------------------------------------
INFO:__main__:Begin eval after 13800 steps.
INFO:__main__:----------------------------------------------------------------------------------------------------
INFO:__main__:Epoch: 004 - Step: 13900 - Loss: 2.2969 - Avg/tok: 2.0687
INFO:__main__:----------------------------------------------------------------------------------------------------
INFO:__main__:Begin eval after 13900 steps.
INFO:__main__:----------------------------------------------------------------------------------------------------
INFO:__main__:Epoch: 004 - Step: 14000 - Loss: 2.2812 - Avg/tok: 2.0540
INFO:__main__:----------------------------------------------------------------------------------------------------
INFO:__main__:Begin eval after 14000 steps.
INFO:__main__:----------------------------------------------------------------------------------------------------
INFO:__main__:Epoch: 004 - Step: 14100 - Loss: 2.2969 - Avg/tok: 2.0390
INFO:__main__:----------------------------------------------------------------------------------------------------
INFO:__main__:Begin eval after 14100 steps.
INFO:__main__:----------------------------------------------------------------------------------------------------
INFO:__main__:Epoch: 004 - Step: 14200 - Loss: 2.3281 - Avg/tok: 2.0246
INFO:__main__:----------------------------------------------------------------------------------------------------
INFO:__main__:Begin eval after 14200 steps.
INFO:__main__:----------------------------------------------------------------------------------------------------
INFO:__main__:Epoch: 004 - Step: 14300 - Loss: 2.2969 - Avg/tok: 2.0106
INFO:__main__:----------------------------------------------------------------------------------------------------
INFO:__main__:Begin eval after 14300 steps.
INFO:__main__:----------------------------------------------------------------------------------------------------
INFO:__main__:Epoch: 004 - Step: 14400 - Loss: 2.2969 - Avg/tok: 1.9968
INFO:__main__:----------------------------------------------------------------------------------------------------
INFO:__main__:Begin eval after 14400 steps.
INFO:__main__:----------------------------------------------------------------------------------------------------
INFO:__main__:Epoch: 004 - Step: 14500 - Loss: 2.2969 - Avg/tok: 1.9833
INFO:__main__:----------------------------------------------------------------------------------------------------
INFO:__main__:Begin eval after 14500 steps.
INFO:__main__:----------------------------------------------------------------------------------------------------
INFO:__main__:Epoch: 004 - Step: 14600 - Loss: 2.2969 - Avg/tok: 1.9698
INFO:__main__:----------------------------------------------------------------------------------------------------
INFO:__main__:Begin eval after 14600 steps.
INFO:__main__:----------------------------------------------------------------------------------------------------
INFO:__main__:Epoch: 004 - Step: 14700 - Loss: 2.3125 - Avg/tok: 1.9563
INFO:__main__:----------------------------------------------------------------------------------------------------
INFO:__main__:Begin eval after 14700 steps.
INFO:__main__:----------------------------------------------------------------------------------------------------
INFO:__main__:Epoch: 004 - Step: 14800 - Loss: 2.3281 - Avg/tok: 1.9431
INFO:__main__:----------------------------------------------------------------------------------------------------
INFO:__main__:Begin eval after 14800 steps.
INFO:__main__:----------------------------------------------------------------------------------------------------
INFO:__main__:Epoch: 004 - Step: 14900 - Loss: 2.2812 - Avg/tok: 1.9298
INFO:__main__:----------------------------------------------------------------------------------------------------
INFO:__main__:Begin eval after 14900 steps.
INFO:__main__:----------------------------------------------------------------------------------------------------
INFO:__main__:Epoch: 004 - Step: 15000 - Loss: 2.2812 - Avg/tok: 1.9169
INFO:__main__:----------------------------------------------------------------------------------------------------
INFO:__main__:Begin eval after 15000 steps.
INFO:__main__:----------------------------------------------------------------------------------------------------
INFO:__main__:Epoch: 004 - Step: 15100 - Loss: 2.3125 - Avg/tok: 1.9040
INFO:__main__:----------------------------------------------------------------------------------------------------
INFO:__main__:Begin eval after 15100 steps.
INFO:__main__:----------------------------------------------------------------------------------------------------
INFO:__main__:Epoch: 004 - Step: 15200 - Loss: 2.2969 - Avg/tok: 1.8915
INFO:__main__:----------------------------------------------------------------------------------------------------
INFO:__main__:Begin eval after 15200 steps.
INFO:__main__:----------------------------------------------------------------------------------------------------
INFO:__main__:Epoch: 004 - Step: 15300 - Loss: 2.3125 - Avg/tok: 1.8793
INFO:__main__:----------------------------------------------------------------------------------------------------
INFO:__main__:Begin eval after 15300 steps.
INFO:__main__:----------------------------------------------------------------------------------------------------
INFO:__main__:Epoch: 004 - Step: 15400 - Loss: 2.2969 - Avg/tok: 1.8670
INFO:__main__:----------------------------------------------------------------------------------------------------
INFO:__main__:Begin eval after 15400 steps.
INFO:__main__:----------------------------------------------------------------------------------------------------
INFO:__main__:Epoch: 004 - Step: 15500 - Loss: 2.2969 - Avg/tok: 1.8547
INFO:__main__:----------------------------------------------------------------------------------------------------
INFO:__main__:Begin eval after 15500 steps.
INFO:__main__:----------------------------------------------------------------------------------------------------
INFO:__main__:Epoch: 004 - Step: 15600 - Loss: 2.3125 - Avg/tok: 1.8427
INFO:__main__:----------------------------------------------------------------------------------------------------
INFO:__main__:Begin eval after 15600 steps.
INFO:__main__:----------------------------------------------------------------------------------------------------
INFO:__main__:----------------------------------------------------------------------------------------------------
INFO:__main__:Begin training epoch 5.
INFO:__main__:----------------------------------------------------------------------------------------------------
INFO:__main__:Epoch: 005 - Step: 15700 - Loss: 2.3125 - Avg/tok: 2.2907
INFO:__main__:----------------------------------------------------------------------------------------------------
INFO:__main__:Begin eval after 15700 steps.
INFO:__main__:----------------------------------------------------------------------------------------------------
INFO:__main__:Epoch: 005 - Step: 15800 - Loss: 2.2812 - Avg/tok: 2.2758
INFO:__main__:----------------------------------------------------------------------------------------------------
INFO:__main__:Begin eval after 15800 steps.
INFO:__main__:----------------------------------------------------------------------------------------------------
INFO:__main__:Epoch: 005 - Step: 15900 - Loss: 2.2969 - Avg/tok: 2.2614
INFO:__main__:----------------------------------------------------------------------------------------------------
INFO:__main__:Begin eval after 15900 steps.
INFO:__main__:----------------------------------------------------------------------------------------------------
INFO:__main__:Epoch: 005 - Step: 16000 - Loss: 2.2969 - Avg/tok: 2.2469
INFO:__main__:----------------------------------------------------------------------------------------------------
INFO:__main__:Begin eval after 16000 steps.
INFO:__main__:----------------------------------------------------------------------------------------------------
INFO:__main__:Epoch: 005 - Step: 16100 - Loss: 2.2812 - Avg/tok: 2.2331
INFO:__main__:----------------------------------------------------------------------------------------------------
INFO:__main__:Begin eval after 16100 steps.
INFO:__main__:----------------------------------------------------------------------------------------------------
INFO:__main__:Epoch: 005 - Step: 16200 - Loss: 2.2656 - Avg/tok: 2.2192
INFO:__main__:----------------------------------------------------------------------------------------------------
INFO:__main__:Begin eval after 16200 steps.
INFO:__main__:----------------------------------------------------------------------------------------------------
INFO:__main__:Epoch: 005 - Step: 16300 - Loss: 2.2656 - Avg/tok: 2.2057
INFO:__main__:----------------------------------------------------------------------------------------------------
INFO:__main__:Begin eval after 16300 steps.
INFO:__main__:----------------------------------------------------------------------------------------------------
INFO:__main__:Epoch: 005 - Step: 16400 - Loss: 2.3281 - Avg/tok: 2.1921
INFO:__main__:----------------------------------------------------------------------------------------------------
INFO:__main__:Begin eval after 16400 steps.
INFO:__main__:----------------------------------------------------------------------------------------------------
INFO:__main__:Epoch: 005 - Step: 16500 - Loss: 2.2969 - Avg/tok: 2.1787
INFO:__main__:----------------------------------------------------------------------------------------------------
INFO:__main__:Begin eval after 16500 steps.
INFO:__main__:----------------------------------------------------------------------------------------------------
INFO:__main__:Epoch: 005 - Step: 16600 - Loss: 2.2969 - Avg/tok: 2.1657
INFO:__main__:----------------------------------------------------------------------------------------------------
INFO:__main__:Begin eval after 16600 steps.
INFO:__main__:----------------------------------------------------------------------------------------------------
INFO:__main__:Epoch: 005 - Step: 16700 - Loss: 2.2812 - Avg/tok: 2.1530
INFO:__main__:----------------------------------------------------------------------------------------------------
INFO:__main__:Begin eval after 16700 steps.
INFO:__main__:----------------------------------------------------------------------------------------------------
INFO:__main__:Epoch: 005 - Step: 16800 - Loss: 2.3281 - Avg/tok: 2.1403
INFO:__main__:----------------------------------------------------------------------------------------------------
INFO:__main__:Begin eval after 16800 steps.
INFO:__main__:----------------------------------------------------------------------------------------------------
INFO:__main__:Epoch: 005 - Step: 16900 - Loss: 2.3125 - Avg/tok: 2.1276
INFO:__main__:----------------------------------------------------------------------------------------------------
INFO:__main__:Begin eval after 16900 steps.
INFO:__main__:----------------------------------------------------------------------------------------------------
INFO:__main__:Epoch: 005 - Step: 17000 - Loss: 2.3281 - Avg/tok: 2.1153
INFO:__main__:----------------------------------------------------------------------------------------------------
INFO:__main__:Begin eval after 17000 steps.
INFO:__main__:----------------------------------------------------------------------------------------------------
INFO:__main__:Epoch: 005 - Step: 17100 - Loss: 2.2812 - Avg/tok: 2.1031
INFO:__main__:----------------------------------------------------------------------------------------------------
INFO:__main__:Begin eval after 17100 steps.
INFO:__main__:----------------------------------------------------------------------------------------------------
INFO:__main__:Epoch: 005 - Step: 17200 - Loss: 2.2969 - Avg/tok: 2.0908
INFO:__main__:----------------------------------------------------------------------------------------------------
INFO:__main__:Begin eval after 17200 steps.
INFO:__main__:----------------------------------------------------------------------------------------------------
INFO:__main__:Epoch: 005 - Step: 17300 - Loss: 2.3125 - Avg/tok: 2.0787
INFO:__main__:----------------------------------------------------------------------------------------------------
INFO:__main__:Begin eval after 17300 steps.
INFO:__main__:----------------------------------------------------------------------------------------------------
INFO:__main__:Epoch: 005 - Step: 17400 - Loss: 2.3125 - Avg/tok: 2.0665
INFO:__main__:----------------------------------------------------------------------------------------------------
INFO:__main__:Begin eval after 17400 steps.
INFO:__main__:----------------------------------------------------------------------------------------------------
INFO:__main__:Epoch: 005 - Step: 17500 - Loss: 2.3281 - Avg/tok: 2.0549
INFO:__main__:----------------------------------------------------------------------------------------------------
INFO:__main__:Begin eval after 17500 steps.
INFO:__main__:----------------------------------------------------------------------------------------------------
INFO:__main__:Epoch: 005 - Step: 17600 - Loss: 2.2969 - Avg/tok: 2.0430
INFO:__main__:----------------------------------------------------------------------------------------------------
INFO:__main__:Begin eval after 17600 steps.
INFO:__main__:----------------------------------------------------------------------------------------------------
INFO:__main__:Epoch: 005 - Step: 17700 - Loss: 2.2969 - Avg/tok: 2.0314
INFO:__main__:----------------------------------------------------------------------------------------------------
INFO:__main__:Begin eval after 17700 steps.
INFO:__main__:----------------------------------------------------------------------------------------------------
INFO:__main__:Epoch: 005 - Step: 17800 - Loss: 2.3125 - Avg/tok: 2.0198
INFO:__main__:----------------------------------------------------------------------------------------------------
INFO:__main__:Begin eval after 17800 steps.
INFO:__main__:----------------------------------------------------------------------------------------------------
INFO:__main__:Epoch: 005 - Step: 17900 - Loss: 2.2969 - Avg/tok: 2.0084
INFO:__main__:----------------------------------------------------------------------------------------------------
INFO:__main__:Begin eval after 17900 steps.
INFO:__main__:----------------------------------------------------------------------------------------------------
INFO:__main__:Epoch: 005 - Step: 18000 - Loss: 2.3125 - Avg/tok: 1.9974
INFO:__main__:----------------------------------------------------------------------------------------------------
INFO:__main__:Begin eval after 18000 steps.
INFO:__main__:----------------------------------------------------------------------------------------------------
INFO:__main__:Epoch: 005 - Step: 18100 - Loss: 2.3125 - Avg/tok: 1.9864
INFO:__main__:----------------------------------------------------------------------------------------------------
INFO:__main__:Begin eval after 18100 steps.
INFO:__main__:----------------------------------------------------------------------------------------------------
INFO:__main__:Epoch: 005 - Step: 18200 - Loss: 2.2812 - Avg/tok: 1.9752
INFO:__main__:----------------------------------------------------------------------------------------------------
INFO:__main__:Begin eval after 18200 steps.
INFO:__main__:----------------------------------------------------------------------------------------------------
INFO:__main__:Epoch: 005 - Step: 18300 - Loss: 2.2656 - Avg/tok: 1.9641
INFO:__main__:----------------------------------------------------------------------------------------------------
INFO:__main__:Begin eval after 18300 steps.
INFO:__main__:----------------------------------------------------------------------------------------------------
INFO:__main__:Epoch: 005 - Step: 18400 - Loss: 2.2969 - Avg/tok: 1.9532
INFO:__main__:----------------------------------------------------------------------------------------------------
INFO:__main__:Begin eval after 18400 steps.
INFO:__main__:----------------------------------------------------------------------------------------------------
INFO:__main__:Epoch: 005 - Step: 18500 - Loss: 2.2812 - Avg/tok: 1.9427
INFO:__main__:----------------------------------------------------------------------------------------------------
INFO:__main__:Begin eval after 18500 steps.
INFO:__main__:----------------------------------------------------------------------------------------------------
INFO:__main__:Epoch: 005 - Step: 18600 - Loss: 2.2969 - Avg/tok: 1.9325
INFO:__main__:----------------------------------------------------------------------------------------------------
INFO:__main__:Begin eval after 18600 steps.
INFO:__main__:----------------------------------------------------------------------------------------------------
INFO:__main__:Epoch: 005 - Step: 18700 - Loss: 2.2969 - Avg/tok: 1.9220
INFO:__main__:----------------------------------------------------------------------------------------------------
INFO:__main__:Begin eval after 18700 steps.
INFO:__main__:----------------------------------------------------------------------------------------------------
INFO:__main__:----------------------------------------------------------------------------------------------------
INFO:__main__:Begin training epoch 6.
INFO:__main__:----------------------------------------------------------------------------------------------------
INFO:__main__:Epoch: 006 - Step: 18800 - Loss: 2.2969 - Avg/tok: 2.2954
INFO:__main__:----------------------------------------------------------------------------------------------------
INFO:__main__:Begin eval after 18800 steps.
INFO:__main__:----------------------------------------------------------------------------------------------------
INFO:__main__:Epoch: 006 - Step: 18900 - Loss: 2.3281 - Avg/tok: 2.2831
INFO:__main__:----------------------------------------------------------------------------------------------------
INFO:__main__:Begin eval after 18900 steps.
INFO:__main__:----------------------------------------------------------------------------------------------------
INFO:__main__:Epoch: 006 - Step: 19000 - Loss: 2.3125 - Avg/tok: 2.2709
INFO:__main__:----------------------------------------------------------------------------------------------------
INFO:__main__:Begin eval after 19000 steps.
INFO:__main__:----------------------------------------------------------------------------------------------------
INFO:__main__:Epoch: 006 - Step: 19100 - Loss: 2.3125 - Avg/tok: 2.2590
INFO:__main__:----------------------------------------------------------------------------------------------------
INFO:__main__:Begin eval after 19100 steps.
INFO:__main__:----------------------------------------------------------------------------------------------------
INFO:__main__:Epoch: 006 - Step: 19200 - Loss: 2.3125 - Avg/tok: 2.2473
INFO:__main__:----------------------------------------------------------------------------------------------------
INFO:__main__:Begin eval after 19200 steps.
INFO:__main__:----------------------------------------------------------------------------------------------------
INFO:__main__:Epoch: 006 - Step: 19300 - Loss: 2.3125 - Avg/tok: 2.2354
INFO:__main__:----------------------------------------------------------------------------------------------------
INFO:__main__:Begin eval after 19300 steps.
INFO:__main__:----------------------------------------------------------------------------------------------------
INFO:__main__:Epoch: 006 - Step: 19400 - Loss: 2.2969 - Avg/tok: 2.2242
INFO:__main__:----------------------------------------------------------------------------------------------------
INFO:__main__:Begin eval after 19400 steps.
INFO:__main__:----------------------------------------------------------------------------------------------------
INFO:__main__:Epoch: 006 - Step: 19500 - Loss: 2.2969 - Avg/tok: 2.2125
INFO:__main__:----------------------------------------------------------------------------------------------------
INFO:__main__:Begin eval after 19500 steps.
INFO:__main__:----------------------------------------------------------------------------------------------------
INFO:__main__:Epoch: 006 - Step: 19600 - Loss: 2.2969 - Avg/tok: 2.2012
INFO:__main__:----------------------------------------------------------------------------------------------------
INFO:__main__:Begin eval after 19600 steps.
INFO:__main__:----------------------------------------------------------------------------------------------------
INFO:__main__:Epoch: 006 - Step: 19700 - Loss: 2.3281 - Avg/tok: 2.1899
INFO:__main__:----------------------------------------------------------------------------------------------------
INFO:__main__:Begin eval after 19700 steps.
INFO:__main__:----------------------------------------------------------------------------------------------------
INFO:__main__:Epoch: 006 - Step: 19800 - Loss: 2.2656 - Avg/tok: 2.1790
INFO:__main__:----------------------------------------------------------------------------------------------------
INFO:__main__:Begin eval after 19800 steps.
INFO:__main__:----------------------------------------------------------------------------------------------------
INFO:__main__:Epoch: 006 - Step: 19900 - Loss: 2.2969 - Avg/tok: 2.1680
INFO:__main__:----------------------------------------------------------------------------------------------------
INFO:__main__:Begin eval after 19900 steps.
INFO:__main__:----------------------------------------------------------------------------------------------------
INFO:__main__:Epoch: 006 - Step: 20000 - Loss: 2.3125 - Avg/tok: 2.1574
INFO:__main__:----------------------------------------------------------------------------------------------------
INFO:__main__:Begin eval after 20000 steps.
INFO:__main__:----------------------------------------------------------------------------------------------------
INFO:__main__:Epoch: 006 - Step: 20100 - Loss: 2.3281 - Avg/tok: 2.1469
INFO:__main__:----------------------------------------------------------------------------------------------------
INFO:__main__:Begin eval after 20100 steps.
INFO:__main__:----------------------------------------------------------------------------------------------------
INFO:__main__:Epoch: 006 - Step: 20200 - Loss: 2.3125 - Avg/tok: 2.1364
INFO:__main__:----------------------------------------------------------------------------------------------------
INFO:__main__:Begin eval after 20200 steps.
INFO:__main__:----------------------------------------------------------------------------------------------------
INFO:__main__:Epoch: 006 - Step: 20300 - Loss: 2.3125 - Avg/tok: 2.1258
INFO:__main__:----------------------------------------------------------------------------------------------------
INFO:__main__:Begin eval after 20300 steps.
INFO:__main__:----------------------------------------------------------------------------------------------------
INFO:__main__:Epoch: 006 - Step: 20400 - Loss: 2.2812 - Avg/tok: 2.1154
INFO:__main__:----------------------------------------------------------------------------------------------------
INFO:__main__:Begin eval after 20400 steps.
INFO:__main__:----------------------------------------------------------------------------------------------------
INFO:__main__:Epoch: 006 - Step: 20500 - Loss: 2.3125 - Avg/tok: 2.1051
INFO:__main__:----------------------------------------------------------------------------------------------------
INFO:__main__:Begin eval after 20500 steps.
INFO:__main__:----------------------------------------------------------------------------------------------------
INFO:__main__:Epoch: 006 - Step: 20600 - Loss: 2.3438 - Avg/tok: 2.0948
INFO:__main__:----------------------------------------------------------------------------------------------------
INFO:__main__:Begin eval after 20600 steps.
INFO:__main__:----------------------------------------------------------------------------------------------------
INFO:__main__:Epoch: 006 - Step: 20700 - Loss: 2.3125 - Avg/tok: 2.0845
INFO:__main__:----------------------------------------------------------------------------------------------------
INFO:__main__:Begin eval after 20700 steps.
INFO:__main__:----------------------------------------------------------------------------------------------------
INFO:__main__:Epoch: 006 - Step: 20800 - Loss: 2.2969 - Avg/tok: 2.0743
INFO:__main__:----------------------------------------------------------------------------------------------------
INFO:__main__:Begin eval after 20800 steps.
INFO:__main__:----------------------------------------------------------------------------------------------------
INFO:__main__:Epoch: 006 - Step: 20900 - Loss: 2.2969 - Avg/tok: 2.0645
INFO:__main__:----------------------------------------------------------------------------------------------------
INFO:__main__:Begin eval after 20900 steps.
INFO:__main__:----------------------------------------------------------------------------------------------------
INFO:__main__:Epoch: 006 - Step: 21000 - Loss: 2.2969 - Avg/tok: 2.0544
INFO:__main__:----------------------------------------------------------------------------------------------------
INFO:__main__:Begin eval after 21000 steps.
INFO:__main__:----------------------------------------------------------------------------------------------------
INFO:__main__:Epoch: 006 - Step: 21100 - Loss: 2.2969 - Avg/tok: 2.0445
INFO:__main__:----------------------------------------------------------------------------------------------------
INFO:__main__:Begin eval after 21100 steps.
INFO:__main__:----------------------------------------------------------------------------------------------------
INFO:__main__:Epoch: 006 - Step: 21200 - Loss: 2.3125 - Avg/tok: 2.0349
INFO:__main__:----------------------------------------------------------------------------------------------------
INFO:__main__:Begin eval after 21200 steps.
INFO:__main__:----------------------------------------------------------------------------------------------------
INFO:__main__:Epoch: 006 - Step: 21300 - Loss: 2.3281 - Avg/tok: 2.0254
INFO:__main__:----------------------------------------------------------------------------------------------------
INFO:__main__:Begin eval after 21300 steps.
INFO:__main__:----------------------------------------------------------------------------------------------------
INFO:__main__:Epoch: 006 - Step: 21400 - Loss: 2.3125 - Avg/tok: 2.0157
INFO:__main__:----------------------------------------------------------------------------------------------------
INFO:__main__:Begin eval after 21400 steps.
INFO:__main__:----------------------------------------------------------------------------------------------------
INFO:__main__:Epoch: 006 - Step: 21500 - Loss: 2.3281 - Avg/tok: 2.0061
INFO:__main__:----------------------------------------------------------------------------------------------------
INFO:__main__:Begin eval after 21500 steps.
INFO:__main__:----------------------------------------------------------------------------------------------------
INFO:__main__:Epoch: 006 - Step: 21600 - Loss: 2.2969 - Avg/tok: 1.9965
INFO:__main__:----------------------------------------------------------------------------------------------------
INFO:__main__:Begin eval after 21600 steps.
INFO:__main__:----------------------------------------------------------------------------------------------------
INFO:__main__:Epoch: 006 - Step: 21700 - Loss: 2.3125 - Avg/tok: 1.9874
INFO:__main__:----------------------------------------------------------------------------------------------------
INFO:__main__:Begin eval after 21700 steps.
INFO:__main__:----------------------------------------------------------------------------------------------------
INFO:__main__:Epoch: 006 - Step: 21800 - Loss: 2.2812 - Avg/tok: 1.9782
INFO:__main__:----------------------------------------------------------------------------------------------------
INFO:__main__:Begin eval after 21800 steps.
INFO:__main__:----------------------------------------------------------------------------------------------------
INFO:__main__:----------------------------------------------------------------------------------------------------
INFO:__main__:Begin training epoch 7.
INFO:__main__:----------------------------------------------------------------------------------------------------
INFO:__main__:Epoch: 007 - Step: 21900 - Loss: 2.3281 - Avg/tok: 2.2987
INFO:__main__:----------------------------------------------------------------------------------------------------
INFO:__main__:Begin eval after 21900 steps.
INFO:__main__:----------------------------------------------------------------------------------------------------
INFO:__main__:Epoch: 007 - Step: 22000 - Loss: 2.3125 - Avg/tok: 2.2880
INFO:__main__:----------------------------------------------------------------------------------------------------
INFO:__main__:Begin eval after 22000 steps.
INFO:__main__:----------------------------------------------------------------------------------------------------
INFO:__main__:Epoch: 007 - Step: 22100 - Loss: 2.2969 - Avg/tok: 2.2775
INFO:__main__:----------------------------------------------------------------------------------------------------
INFO:__main__:Begin eval after 22100 steps.
INFO:__main__:----------------------------------------------------------------------------------------------------
INFO:__main__:Epoch: 007 - Step: 22200 - Loss: 2.2969 - Avg/tok: 2.2670
INFO:__main__:----------------------------------------------------------------------------------------------------
INFO:__main__:Begin eval after 22200 steps.
INFO:__main__:----------------------------------------------------------------------------------------------------
INFO:__main__:Epoch: 007 - Step: 22300 - Loss: 2.2812 - Avg/tok: 2.2569
INFO:__main__:----------------------------------------------------------------------------------------------------
INFO:__main__:Begin eval after 22300 steps.
INFO:__main__:----------------------------------------------------------------------------------------------------
INFO:__main__:Epoch: 007 - Step: 22400 - Loss: 2.2969 - Avg/tok: 2.2467
INFO:__main__:----------------------------------------------------------------------------------------------------
INFO:__main__:Begin eval after 22400 steps.
INFO:__main__:----------------------------------------------------------------------------------------------------
INFO:__main__:Epoch: 007 - Step: 22500 - Loss: 2.2969 - Avg/tok: 2.2363
INFO:__main__:----------------------------------------------------------------------------------------------------
INFO:__main__:Begin eval after 22500 steps.
INFO:__main__:----------------------------------------------------------------------------------------------------
INFO:__main__:Epoch: 007 - Step: 22600 - Loss: 2.2656 - Avg/tok: 2.2263
INFO:__main__:----------------------------------------------------------------------------------------------------
INFO:__main__:Begin eval after 22600 steps.
INFO:__main__:----------------------------------------------------------------------------------------------------
INFO:__main__:Epoch: 007 - Step: 22700 - Loss: 2.3125 - Avg/tok: 2.2162
INFO:__main__:----------------------------------------------------------------------------------------------------
INFO:__main__:Begin eval after 22700 steps.
INFO:__main__:----------------------------------------------------------------------------------------------------
INFO:__main__:Epoch: 007 - Step: 22800 - Loss: 2.3125 - Avg/tok: 2.2065
INFO:__main__:----------------------------------------------------------------------------------------------------
INFO:__main__:Begin eval after 22800 steps.
INFO:__main__:----------------------------------------------------------------------------------------------------
INFO:__main__:Epoch: 007 - Step: 22900 - Loss: 2.2969 - Avg/tok: 2.1968
INFO:__main__:----------------------------------------------------------------------------------------------------
INFO:__main__:Begin eval after 22900 steps.
INFO:__main__:----------------------------------------------------------------------------------------------------
INFO:__main__:Epoch: 007 - Step: 23000 - Loss: 2.3125 - Avg/tok: 2.1872
INFO:__main__:----------------------------------------------------------------------------------------------------
INFO:__main__:Begin eval after 23000 steps.
INFO:__main__:----------------------------------------------------------------------------------------------------
INFO:__main__:Epoch: 007 - Step: 23100 - Loss: 2.2812 - Avg/tok: 2.1777
INFO:__main__:----------------------------------------------------------------------------------------------------
INFO:__main__:Begin eval after 23100 steps.
INFO:__main__:----------------------------------------------------------------------------------------------------
INFO:__main__:Epoch: 007 - Step: 23200 - Loss: 2.2969 - Avg/tok: 2.1681
INFO:__main__:----------------------------------------------------------------------------------------------------
INFO:__main__:Begin eval after 23200 steps.
INFO:__main__:----------------------------------------------------------------------------------------------------
INFO:__main__:Epoch: 007 - Step: 23300 - Loss: 2.3125 - Avg/tok: 2.1589
INFO:__main__:----------------------------------------------------------------------------------------------------
INFO:__main__:Begin eval after 23300 steps.
INFO:__main__:----------------------------------------------------------------------------------------------------
INFO:__main__:Epoch: 007 - Step: 23400 - Loss: 2.2969 - Avg/tok: 2.1499
INFO:__main__:----------------------------------------------------------------------------------------------------
INFO:__main__:Begin eval after 23400 steps.
INFO:__main__:----------------------------------------------------------------------------------------------------
INFO:__main__:Epoch: 007 - Step: 23500 - Loss: 2.3281 - Avg/tok: 2.1409
INFO:__main__:----------------------------------------------------------------------------------------------------
INFO:__main__:Begin eval after 23500 steps.
INFO:__main__:----------------------------------------------------------------------------------------------------
INFO:__main__:Epoch: 007 - Step: 23600 - Loss: 2.3125 - Avg/tok: 2.1320
INFO:__main__:----------------------------------------------------------------------------------------------------
INFO:__main__:Begin eval after 23600 steps.
INFO:__main__:----------------------------------------------------------------------------------------------------
INFO:__main__:Epoch: 007 - Step: 23700 - Loss: 2.2812 - Avg/tok: 2.1229
INFO:__main__:----------------------------------------------------------------------------------------------------
INFO:__main__:Begin eval after 23700 steps.
INFO:__main__:----------------------------------------------------------------------------------------------------
INFO:__main__:Epoch: 007 - Step: 23800 - Loss: 2.2969 - Avg/tok: 2.1137
INFO:__main__:----------------------------------------------------------------------------------------------------
INFO:__main__:Begin eval after 23800 steps.
INFO:__main__:----------------------------------------------------------------------------------------------------
INFO:__main__:Epoch: 007 - Step: 23900 - Loss: 2.2812 - Avg/tok: 2.1048
INFO:__main__:----------------------------------------------------------------------------------------------------
INFO:__main__:Begin eval after 23900 steps.
INFO:__main__:----------------------------------------------------------------------------------------------------
INFO:__main__:Epoch: 007 - Step: 24000 - Loss: 2.3125 - Avg/tok: 2.0961
INFO:__main__:----------------------------------------------------------------------------------------------------
INFO:__main__:Begin eval after 24000 steps.
INFO:__main__:----------------------------------------------------------------------------------------------------
INFO:__main__:Epoch: 007 - Step: 24100 - Loss: 2.2812 - Avg/tok: 2.0875
INFO:__main__:----------------------------------------------------------------------------------------------------
INFO:__main__:Begin eval after 24100 steps.
INFO:__main__:----------------------------------------------------------------------------------------------------
INFO:__main__:Epoch: 007 - Step: 24200 - Loss: 2.2812 - Avg/tok: 2.0790
INFO:__main__:----------------------------------------------------------------------------------------------------
INFO:__main__:Begin eval after 24200 steps.
INFO:__main__:----------------------------------------------------------------------------------------------------
INFO:__main__:Epoch: 007 - Step: 24300 - Loss: 2.3125 - Avg/tok: 2.0705
INFO:__main__:----------------------------------------------------------------------------------------------------
INFO:__main__:Begin eval after 24300 steps.
INFO:__main__:----------------------------------------------------------------------------------------------------
INFO:__main__:Epoch: 007 - Step: 24400 - Loss: 2.2969 - Avg/tok: 2.0617
INFO:__main__:----------------------------------------------------------------------------------------------------
INFO:__main__:Begin eval after 24400 steps.
INFO:__main__:----------------------------------------------------------------------------------------------------
INFO:__main__:Epoch: 007 - Step: 24500 - Loss: 2.3281 - Avg/tok: 2.0533
INFO:__main__:----------------------------------------------------------------------------------------------------
INFO:__main__:Begin eval after 24500 steps.
INFO:__main__:----------------------------------------------------------------------------------------------------
INFO:__main__:Epoch: 007 - Step: 24600 - Loss: 2.2969 - Avg/tok: 2.0448
INFO:__main__:----------------------------------------------------------------------------------------------------
INFO:__main__:Begin eval after 24600 steps.
INFO:__main__:----------------------------------------------------------------------------------------------------
INFO:__main__:Epoch: 007 - Step: 24700 - Loss: 2.3281 - Avg/tok: 2.0365
INFO:__main__:----------------------------------------------------------------------------------------------------
INFO:__main__:Begin eval after 24700 steps.
INFO:__main__:----------------------------------------------------------------------------------------------------
INFO:__main__:Epoch: 007 - Step: 24800 - Loss: 2.3125 - Avg/tok: 2.0282
INFO:__main__:----------------------------------------------------------------------------------------------------
INFO:__main__:Begin eval after 24800 steps.
INFO:__main__:----------------------------------------------------------------------------------------------------
INFO:__main__:Epoch: 007 - Step: 24900 - Loss: 2.2656 - Avg/tok: 2.0201
INFO:__main__:----------------------------------------------------------------------------------------------------
INFO:__main__:Begin eval after 24900 steps.
INFO:__main__:----------------------------------------------------------------------------------------------------
INFO:__main__:Epoch: 007 - Step: 25000 - Loss: 2.2969 - Avg/tok: 2.0120
INFO:__main__:----------------------------------------------------------------------------------------------------
INFO:__main__:Begin eval after 25000 steps.
INFO:__main__:----------------------------------------------------------------------------------------------------
INFO:__main__:----------------------------------------------------------------------------------------------------
INFO:__main__:Begin training epoch 8.
INFO:__main__:----------------------------------------------------------------------------------------------------
INFO:__main__:Epoch: 008 - Step: 25100 - Loss: 2.2969 - Avg/tok: 2.2919
INFO:__main__:----------------------------------------------------------------------------------------------------
INFO:__main__:Begin eval after 25100 steps.
INFO:__main__:----------------------------------------------------------------------------------------------------
INFO:__main__:Epoch: 008 - Step: 25200 - Loss: 2.2656 - Avg/tok: 2.2826
INFO:__main__:----------------------------------------------------------------------------------------------------
INFO:__main__:Begin eval after 25200 steps.
INFO:__main__:----------------------------------------------------------------------------------------------------
INFO:__main__:Epoch: 008 - Step: 25300 - Loss: 2.3125 - Avg/tok: 2.2734
INFO:__main__:----------------------------------------------------------------------------------------------------
INFO:__main__:Begin eval after 25300 steps.
INFO:__main__:----------------------------------------------------------------------------------------------------
INFO:__main__:Epoch: 008 - Step: 25400 - Loss: 2.3125 - Avg/tok: 2.2646
INFO:__main__:----------------------------------------------------------------------------------------------------
INFO:__main__:Begin eval after 25400 steps.
INFO:__main__:----------------------------------------------------------------------------------------------------
INFO:__main__:Epoch: 008 - Step: 25500 - Loss: 2.2969 - Avg/tok: 2.2556
INFO:__main__:----------------------------------------------------------------------------------------------------
INFO:__main__:Begin eval after 25500 steps.
INFO:__main__:----------------------------------------------------------------------------------------------------
INFO:__main__:Epoch: 008 - Step: 25600 - Loss: 2.3125 - Avg/tok: 2.2467
INFO:__main__:----------------------------------------------------------------------------------------------------
INFO:__main__:Begin eval after 25600 steps.
INFO:__main__:----------------------------------------------------------------------------------------------------
INFO:__main__:Epoch: 008 - Step: 25700 - Loss: 2.3125 - Avg/tok: 2.2379
INFO:__main__:----------------------------------------------------------------------------------------------------
INFO:__main__:Begin eval after 25700 steps.
INFO:__main__:----------------------------------------------------------------------------------------------------
INFO:__main__:Epoch: 008 - Step: 25800 - Loss: 2.2812 - Avg/tok: 2.2291
INFO:__main__:----------------------------------------------------------------------------------------------------
INFO:__main__:Begin eval after 25800 steps.
INFO:__main__:----------------------------------------------------------------------------------------------------
INFO:__main__:Epoch: 008 - Step: 25900 - Loss: 2.3125 - Avg/tok: 2.2205
INFO:__main__:----------------------------------------------------------------------------------------------------
INFO:__main__:Begin eval after 25900 steps.
INFO:__main__:----------------------------------------------------------------------------------------------------
INFO:__main__:Epoch: 008 - Step: 26000 - Loss: 2.3125 - Avg/tok: 2.2120
INFO:__main__:----------------------------------------------------------------------------------------------------
INFO:__main__:Begin eval after 26000 steps.
INFO:__main__:----------------------------------------------------------------------------------------------------
INFO:__main__:Epoch: 008 - Step: 26100 - Loss: 2.2969 - Avg/tok: 2.2037
INFO:__main__:----------------------------------------------------------------------------------------------------
INFO:__main__:Begin eval after 26100 steps.
INFO:__main__:----------------------------------------------------------------------------------------------------
INFO:__main__:Epoch: 008 - Step: 26200 - Loss: 2.2812 - Avg/tok: 2.1953
INFO:__main__:----------------------------------------------------------------------------------------------------
INFO:__main__:Begin eval after 26200 steps.
INFO:__main__:----------------------------------------------------------------------------------------------------
INFO:__main__:Epoch: 008 - Step: 26300 - Loss: 2.3125 - Avg/tok: 2.1872
INFO:__main__:----------------------------------------------------------------------------------------------------
INFO:__main__:Begin eval after 26300 steps.
INFO:__main__:----------------------------------------------------------------------------------------------------
INFO:__main__:Epoch: 008 - Step: 26400 - Loss: 2.2812 - Avg/tok: 2.1789
INFO:__main__:----------------------------------------------------------------------------------------------------
INFO:__main__:Begin eval after 26400 steps.
INFO:__main__:----------------------------------------------------------------------------------------------------
INFO:__main__:Epoch: 008 - Step: 26500 - Loss: 2.2969 - Avg/tok: 2.1705
INFO:__main__:----------------------------------------------------------------------------------------------------
INFO:__main__:Begin eval after 26500 steps.
INFO:__main__:----------------------------------------------------------------------------------------------------
INFO:__main__:Epoch: 008 - Step: 26600 - Loss: 2.2969 - Avg/tok: 2.1622
INFO:__main__:----------------------------------------------------------------------------------------------------
INFO:__main__:Begin eval after 26600 steps.
INFO:__main__:----------------------------------------------------------------------------------------------------
INFO:__main__:Epoch: 008 - Step: 26700 - Loss: 2.3125 - Avg/tok: 2.1540
INFO:__main__:----------------------------------------------------------------------------------------------------
INFO:__main__:Begin eval after 26700 steps.
INFO:__main__:----------------------------------------------------------------------------------------------------
INFO:__main__:Epoch: 008 - Step: 26800 - Loss: 2.2969 - Avg/tok: 2.1459
INFO:__main__:----------------------------------------------------------------------------------------------------
INFO:__main__:Begin eval after 26800 steps.
INFO:__main__:----------------------------------------------------------------------------------------------------
INFO:__main__:Epoch: 008 - Step: 26900 - Loss: 2.2969 - Avg/tok: 2.1380
INFO:__main__:----------------------------------------------------------------------------------------------------
INFO:__main__:Begin eval after 26900 steps.
INFO:__main__:----------------------------------------------------------------------------------------------------
